<?xml version="1.0" encoding="UTF-8"?>
<!-- Generated by org.testng.reporters.JUnitReportReporter -->
<testsuite skipped="0" hostname="BHTPL-LAPTOP12" name="com.denefitsBusiness.com.testCases.changePasswordTest" tests="1" failures="0" timestamp="2020-06-17T09:52:51 IST" time="49.851" errors="0">
  <testcase name="login" time="49.851" classname="com.denefitsBusiness.com.testCases.changePasswordTest"/>
  <system-out/>
</testsuite> <!-- com.denefitsBusiness.com.testCases.changePasswordTest -->
