<?xml version="1.0" encoding="UTF-8"?>
<!-- Generated by org.testng.reporters.JUnitReportReporter -->
<testsuite skipped="0" hostname="BHTPL-LAPTOP12" name="com.denefitsBusiness.com.testCases.createContractTest" tests="1" failures="0" timestamp="2020-07-14T10:55:00 IST" time="76.647" errors="0">
  <testcase name="createContract" time="76.647" classname="com.denefitsBusiness.com.testCases.createContractTest"/>
  <system-out/>
</testsuite> <!-- com.denefitsBusiness.com.testCases.createContractTest -->
