<?xml version="1.0" encoding="UTF-8"?>
<!-- Generated by org.testng.reporters.JUnitReportReporter -->
<testsuite skipped="1" hostname="BHTPL-LAPTOP12" name="com.denefitsBusiness.com.testCases.loginTest" tests="1" failures="0" timestamp="2020-06-02T17:48:16 IST" time="0.295" errors="0">
  <testcase name="login" time="0.295" classname="com.denefitsBusiness.com.testCases.loginTest">
    <skipped/>
  </testcase> <!-- login -->
  <system-out/>
</testsuite> <!-- com.denefitsBusiness.com.testCases.loginTest -->
