<?xml version="1.0" encoding="UTF-8"?>
<!-- Generated by org.testng.reporters.JUnitReportReporter -->
<testsuite skipped="0" hostname="BHTPL-LAPTOP12" name="com.denefitsBusiness.com.testCases.loginTest" tests="1" failures="0" timestamp="2020-07-13T11:45:25 IST" time="73.105" errors="0">
  <testcase name="login" time="73.105" classname="com.denefitsBusiness.com.testCases.loginTest"/>
  <system-out/>
</testsuite> <!-- com.denefitsBusiness.com.testCases.loginTest -->
