<?xml version="1.0" encoding="UTF-8"?>
<!-- Generated by org.testng.reporters.JUnitReportReporter -->
<testsuite skipped="0" hostname="BHTPL-LAPTOP12" name="com.denefitsBusiness.com.testCases.loginTest" tests="1" failures="0" timestamp="2020-06-15T09:11:56 IST" time="26.717" errors="0">
  <testcase name="login" time="26.717" classname="com.denefitsBusiness.com.testCases.loginTest"/>
  <system-out/>
</testsuite> <!-- com.denefitsBusiness.com.testCases.loginTest -->
