<?xml version="1.0" encoding="UTF-8"?>
<!-- Generated by org.testng.reporters.JUnitReportReporter -->
<testsuite skipped="0" hostname="BHTPL-LAPTOP12" name="com.denefitsBusiness.com.testCases.registerTest" tests="1" failures="0" timestamp="2020-06-16T09:33:22 IST" time="62.721" errors="0">
  <testcase name="login" time="62.721" classname="com.denefitsBusiness.com.testCases.registerTest"/>
  <system-out/>
</testsuite> <!-- com.denefitsBusiness.com.testCases.registerTest -->
